# JRE version: OpenJDK Runtime Environment (11.0.12+7) (build 11.0.12+7-b1504.28-7817840)
# Java VM: OpenJDK 64-Bit Server VM (11.0.12+7-b1504.28-7817840, mixed mode, tiered, compressed oops, g1 gc, windows-amd64)
Heap:
 garbage-first heap   total 214016K, used 171416K [0x0000000080000000, 0x0000000100000000)
  region size 1024K, 20 young (20480K), 5 survivors (5120K)
 Metaspace       used 112042K, capacity 114978K, committed 115244K, reserved 1148928K
  class space    used 14317K, capacity 15411K, committed 15488K, reserved 1048576K
GC Heap History (20 events):
Event: 191.081 GC heap before
{Heap before GC invocations=49 (full 0):
 garbage-first heap   total 214016K, used 168709K [0x0000000080000000, 0x0000000100000000)
  region size 1024K, 41 young (41984K), 4 survivors (4096K)
 Metaspace       used 101870K, capacity 104316K, committed 104620K, reserved 1140736K
  class space    used 13007K, capacity 13964K, committed 14080K, reserved 1048576K
}
Event: 191.096 GC heap after
{Heap after GC invocations=50 (full 0):
 garbage-first heap   total 214016K, used 137374K [0x0000000080000000, 0x0000000100000000)
  region size 1024K, 6 young (6144K), 6 survivors (6144K)
 Metaspace       used 101870K, capacity 104316K, committed 104620K, reserved 1140736K
  class space    used 13007K, capacity 13964K, committed 14080K, reserved 1048576K
}
Event: 191.841 GC heap before
{Heap before GC invocations=50 (full 0):
 garbage-first heap   total 214016K, used 173214K [0x0000000080000000, 0x0000000100000000)
  region size 1024K, 41 young (41984K), 6 survivors (6144K)
 Metaspace       used 102004K, capacity 104518K, committed 104876K, reserved 1140736K
  class space    used 13008K, capacity 13966K, committed 14080K, reserved 1048576K
}
Event: 191.858 GC heap after
{Heap after GC invocations=51 (full 0):
 garbage-first heap   total 214016K, used 138958K [0x0000000080000000, 0x0000000100000000)
  region size 1024K, 2 young (2048K), 2 survivors (2048K)
 Metaspace       used 102004K, capacity 104518K, committed 104876K, reserved 1140736K
  class space    used 13008K, capacity 13966K, committed 14080K, reserved 1048576K
}
Event: 195.934 GC heap before
{Heap before GC invocations=51 (full 0):
 garbage-first heap   total 214016K, used 174798K [0x0000000080000000, 0x0000000100000000)
  region size 1024K, 38 young (38912K), 2 survivors (2048K)
 Metaspace       used 102080K, capacity 104530K, committed 104876K, reserved 1140736K
  class space    used 13009K, capacity 13968K, committed 14080K, reserved 1048576K
}
Event: 195.948 GC heap after
{Heap after GC invocations=52 (full 0):
 garbage-first heap   total 214016K, used 141709K [0x0000000080000000, 0x0000000100000000)
  region size 1024K, 5 young (5120K), 5 survivors (5120K)
 Metaspace       used 102080K, capacity 104530K, committed 104876K, reserved 1140736K
  class space    used 13009K, capacity 13968K, committed 14080K, reserved 1048576K
}
Event: 196.264 GC heap before
{Heap before GC invocations=52 (full 0):
 garbage-first heap   total 214016K, used 176525K [0x0000000080000000, 0x0000000100000000)
  region size 1024K, 40 young (40960K), 5 survivors (5120K)
 Metaspace       used 102114K, capacity 104530K, committed 104876K, reserved 1140736K
  class space    used 13009K, capacity 13968K, committed 14080K, reserved 1048576K
}
Event: 196.279 GC heap after
{Heap after GC invocations=53 (full 0):
 garbage-first heap   total 214016K, used 146663K [0x0000000080000000, 0x0000000100000000)
  region size 1024K, 5 young (5120K), 5 survivors (5120K)
 Metaspace       used 102114K, capacity 104530K, committed 104876K, reserved 1140736K
  class space    used 13009K, capacity 13968K, committed 14080K, reserved 1048576K
}
Event: 198.647 GC heap before
{Heap before GC invocations=53 (full 0):
 garbage-first heap   total 214016K, used 177383K [0x0000000080000000, 0x0000000100000000)
  region size 1024K, 36 young (36864K), 5 survivors (5120K)
 Metaspace       used 102334K, capacity 104806K, committed 105132K, reserved 1140736K
  class space    used 13028K, capacity 13972K, committed 14080K, reserved 1048576K
}
Event: 198.656 GC heap after
{Heap after GC invocations=54 (full 0):
 garbage-first heap   total 214016K, used 146595K [0x0000000080000000, 0x0000000100000000)
  region size 1024K, 2 young (2048K), 2 survivors (2048K)
 Metaspace       used 102334K, capacity 104806K, committed 105132K, reserved 1140736K
  class space    used 13028K, capacity 13972K, committed 14080K, reserved 1048576K
}
Event: 199.947 GC heap before
{Heap before GC invocations=54 (full 0):
 garbage-first heap   total 214016K, used 177315K [0x0000000080000000, 0x0000000100000000)
  region size 1024K, 33 young (33792K), 2 survivors (2048K)
 Metaspace       used 104228K, capacity 106758K, committed 106796K, reserved 1142784K
  class space    used 13242K, capacity 14196K, committed 14208K, reserved 1048576K
}
Event: 199.955 GC heap after
{Heap after GC invocations=55 (full 0):
 garbage-first heap   total 214016K, used 148055K [0x0000000080000000, 0x0000000100000000)
  region size 1024K, 3 young (3072K), 3 survivors (3072K)
 Metaspace       used 104228K, capacity 106758K, committed 106796K, reserved 1142784K
  class space    used 13242K, capacity 14196K, committed 14208K, reserved 1048576K
}
Event: 272.239 GC heap before
{Heap before GC invocations=55 (full 0):
 garbage-first heap   total 214016K, used 178775K [0x0000000080000000, 0x0000000100000000)
  region size 1024K, 34 young (34816K), 3 survivors (3072K)
 Metaspace       used 107184K, capacity 109876K, committed 110124K, reserved 1144832K
  class space    used 13669K, capacity 14683K, committed 14720K, reserved 1048576K
}
Event: 272.702 GC heap after
{Heap after GC invocations=56 (full 0):
 garbage-first heap   total 214016K, used 150564K [0x0000000080000000, 0x0000000100000000)
  region size 1024K, 5 young (5120K), 5 survivors (5120K)
 Metaspace       used 107184K, capacity 109876K, committed 110124K, reserved 1144832K
  class space    used 13669K, capacity 14683K, committed 14720K, reserved 1048576K
}
Event: 307.592 GC heap before
{Heap before GC invocations=56 (full 0):
 garbage-first heap   total 214016K, used 180260K [0x0000000080000000, 0x0000000100000000)
  region size 1024K, 35 young (35840K), 5 survivors (5120K)
 Metaspace       used 107336K, capacity 110051K, committed 110124K, reserved 1144832K
  class space    used 13684K, capacity 14695K, committed 14720K, reserved 1048576K
}
Event: 307.661 GC heap after
{Heap after GC invocations=57 (full 0):
 garbage-first heap   total 214016K, used 151446K [0x0000000080000000, 0x0000000100000000)
  region size 1024K, 4 young (4096K), 4 survivors (4096K)
 Metaspace       used 107336K, capacity 110051K, committed 110124K, reserved 1144832K
  class space    used 13684K, capacity 14695K, committed 14720K, reserved 1048576K
}
Event: 311.509 GC heap before
{Heap before GC invocations=57 (full 0):
 garbage-first heap   total 214016K, used 182166K [0x0000000080000000, 0x0000000100000000)
  region size 1024K, 34 young (34816K), 4 survivors (4096K)
 Metaspace       used 107589K, capacity 110379K, committed 110508K, reserved 1144832K
  class space    used 13716K, capacity 14739K, committed 14848K, reserved 1048576K
}
Event: 311.537 GC heap after
{Heap after GC invocations=58 (full 0):
 garbage-first heap   total 214016K, used 152759K [0x0000000080000000, 0x0000000100000000)
  region size 1024K, 3 young (3072K), 3 survivors (3072K)
 Metaspace       used 107589K, capacity 110379K, committed 110508K, reserved 1144832K
  class space    used 13716K, capacity 14739K, committed 14848K, reserved 1048576K
}
Event: 333.600 GC heap before
{Heap before GC invocations=58 (full 0):
 garbage-first heap   total 214016K, used 184503K [0x0000000080000000, 0x0000000100000000)
  region size 1024K, 33 young (33792K), 3 survivors (3072K)
 Metaspace       used 108955K, capacity 111794K, committed 111916K, reserved 1146880K
  class space    used 13903K, capacity 14958K, committed 14976K, reserved 1048576K
}
Event: 333.613 GC heap after
{Heap after GC invocations=59 (full 0):
 garbage-first heap   total 214016K, used 158104K [0x0000000080000000, 0x0000000100000000)
  region size 1024K, 5 young (5120K), 5 survivors (5120K)
 Metaspace       used 108955K, capacity 111794K, committed 111916K, reserved 1146880K
  class space    used 13903K, capacity 14958K, committed 14976K, reserved 1048576K
}

